IQ-TREE multicore version 2.1.4-beta COVID-edition for Mac OS X 64-bit built Jun 24 2021
Developed by Bui Quang Minh, James Barbetti, Nguyen Lam Tung,
Olga Chernomor, Heiko Schmidt, Dominik Schrempf, Michael Woodhams.

Host:    MBPdeSR2Ilocal2.isem.intra (AVX2, FMA3, 16 GB RAM)
Command: iqtree -s MAPKAP1.phy -B 1000
Seed:    763088 (Using SPRNG - Scalable Parallel Random Number Generator)
Time:    Fri Mar 14 13:54:57 2025
Kernel:  AVX+FMA - 1 threads (8 CPU cores detected)

HINT: Use -nt option to specify number of threads because your CPU has 8 cores!
HINT: -nt AUTO will automatically determine the best number of threads to use.

Reading alignment file MAPKAP1.phy ... Phylip format detected
Alignment most likely contains DNA/RNA sequences
Alignment has 103 sequences with 645 columns, 206 distinct patterns
88 parsimony-informative, 65 singleton sites, 492 constant sites
                              Gap/Ambiguity  Composition  p-value
   1  Alouatta_belzebul               1.55%    passed     97.95%
   2  Alouatta_caraya                 1.71%    passed     99.30%
   3  Alouatta_palliata               1.40%    passed     98.55%
   4  Alouatta_sara                   1.55%    passed     99.06%
   5  Aotus_azarae                    1.55%    passed     99.98%
   6  Aotus_griseimembra              1.55%    passed     99.98%
   7  Aotus_nancymaae                 1.55%    passed     99.98%
   8  Aotus_trivirgatus               1.55%    passed     99.87%
   9  Ateles_belzebuth                1.55%    passed     99.87%
  10  Ateles_chamek                  11.01%    passed     99.83%
  11  Ateles_geoffroyi               12.25%    passed     98.40%
  12  Ateles_paniscus                 1.55%    passed     99.87%
  13  Brachyteles_arachnoides         1.55%    passed    100.00%
  14  Brachyteles_hypoxanthus         2.02%    passed     99.61%
  15  Cacajao_melanocephalus          1.55%    passed     99.96%
  16  Callicebus_coimbrai             1.86%    passed     99.86%
  17  Callicebus_nigrifrons           1.55%    passed     99.87%
  18  Callicebus_personatus           1.55%    passed     99.87%
  19  Callimico_goeldii               1.55%    passed     99.62%
  20  Callithrix_aurita               1.55%    passed     98.96%
  21  Callithrix_geoffroyi           12.25%    passed     98.17%
  22  Callithrix_jacchus              1.55%    passed     98.78%
  23  Callithrix_kuhlii               1.55%    passed     98.78%
  24  Callithrix_penicillata          1.55%    passed     98.78%
  25  Cebuella_pygmaea                1.55%    passed     98.78%
  26  Cebus_albifrons                 1.71%    passed     99.63%
  27  Cebus_capucinus                13.18%    passed     98.59%
  28  Cebus_olivaceus                 1.55%    passed     99.62%
  29  Cheracebus_lugens               1.86%    passed     99.36%
  30  Cheracebus_torquatus            1.71%    passed     99.73%
  31  Chiropotes_chiropotes           1.55%    passed     99.73%
  32  Lagothrix_lagotricha            1.55%    passed     99.68%
  33  Leontocebus_fuscicollis        12.25%    passed     98.17%
  34  Leontocebus_weddelli           13.95%    passed     97.46%
  35  Leontocebus_fuscus             13.95%    passed     97.46%
  36  Leontopithecus_chrysomelas      1.55%    passed     99.96%
  37  Leontopithecus_rosalia          1.55%    passed     99.96%
  38  Mico_argentatus                 1.55%    passed     95.74%
  39  Mico_humeralifer                1.55%    passed     98.96%
  40  Pithecia_irrorata               1.55%    passed     99.34%
  41  Pithecia_pithecia               1.55%    passed     98.62%
  42  Plecturocebus_bernhardi         1.71%    passed     99.84%
  43  Plecturocebus_brunneus          1.55%    passed     99.24%
  44  Plecturocebus_caligatus         1.71%    passed     99.54%
  45  Plecturocebus_cinerascens       5.58%    passed     93.71%
  46  Plecturocebus_cupreus           1.71%    passed     99.84%
  47  Plecturocebus_donacophilus      1.55%    passed     99.34%
  48  Plecturocebus_hoffmannsi        1.71%    passed     99.09%
  49  Plecturocebus_miltoni           1.86%    passed     98.85%
  50  Plecturocebus_moloch            1.71%    passed     99.84%
  51  Saguinus_bicolor               12.25%    passed     98.59%
  52  Oedipomidas_geoffroyi           1.55%    passed     99.47%
  53  Tamarinus_imperator             1.55%    passed     99.60%
  54  Tamarinus_inustus              13.95%    passed     97.74%
  55  Tamarinus_labiatus              1.55%    passed     99.62%
  56  Oedipomidas_leucopus           13.95%    passed     97.74%
  57  Saguinus_martinsi               1.55%    passed     99.77%
  58  Saguinus_midas                 12.25%    passed     98.59%
  59  Tamarinus_mystax               12.25%    passed     99.19%
  60  Saguinus_niger                 13.95%    passed     97.74%
  61  Oedipomidas_oedipus            12.25%    passed     98.59%
  62  Saguinus_ursulus               13.95%    passed     97.74%
  63  Saimiri_boliviensis             1.55%    passed     99.11%
  64  Saimiri_oerstedii               1.55%    passed     99.13%
  65  Saimiri_sciureus               12.25%    passed     93.74%
  66  Saimiri_ustus                   1.55%    passed     99.13%
  67  Sapajus_apella                  1.55%    passed     99.79%
  68  Sapajus_robustus                1.71%    passed     99.83%
  69  Xenothrix_mcgregori            37.21%    passed     78.42%
  70  Allenopithecus_nigroviridis     1.71%    passed     99.39%
  71  Allochrocebus_lhoesti           1.71%    passed     99.12%
  72  Carlito_syrichta                0.93%    passed     97.91%
  73  Cephalopachus_bancanus          0.93%    passed     98.40%
  74  Cercocebus_chrysogaster         1.71%    passed     99.62%
  75  Cercopithecus                   1.71%    passed     99.55%
  76  Chlorocebus_aethiops            1.71%    passed     98.84%
  77  Colobus_guereza                 1.86%    passed     99.42%
  78  Daubentonia_madagascariensis    1.86%    passed     99.97%
  79  Erythrocebus_patas              1.71%    passed     99.82%
  80  Eulemur                         1.71%    passed     99.93%
  81  Gorilla_gorilla                 1.71%    passed     99.63%
  82  Homo_sapiens                    2.02%    passed     99.46%
  83  Hylobates_lar                   1.71%    passed     96.19%
  84  Lepilemur                      12.40%    passed     98.49%
  85  Lophocebus_aterrimus            1.71%    passed     99.13%
  86  Loris_tardigradus               2.02%    passed     94.47%
  87  Macaca_mulatta                  1.71%    passed     99.62%
  88  Mandrillus_leucophaeus          1.71%    passed     99.62%
  89  Microcebus_murinus              1.71%    passed     99.83%
  90  Nasalis_larvatus                1.71%    passed     99.83%
  91  Nomascus                        1.24%    passed     99.21%
  92  Otolemur                        1.71%    passed     91.60%
  93  Pan_troglodytes                 1.71%    passed     99.76%
  94  Papio_anubis                    1.71%    passed     99.62%
  95  Pongo_pygmaeus                  1.71%    passed     97.97%
  96  Presbytis                      10.39%    passed     98.96%
  97  Propithecus_tattersalli         1.71%    passed     99.94%
  98  Pygathrix_nemaeus               1.71%    passed     97.07%
  99  Rhinopithecus_brelichi          1.71%    passed     75.35%
 100  Semnopithecus_entellus          1.71%    passed     99.98%
 101  Symphalangus_syndactylus        1.71%    passed     98.98%
 102  Trachypithecus                  1.71%    passed     99.26%
 103  Varecia_variegata               1.71%    passed     98.40%
****  TOTAL                           3.95%  0 sequences failed composition chi2 test (p-value<5%; df=3)
NOTE: Aotus_griseimembra is identical to Aotus_azarae but kept for subsequent analysis
NOTE: Callicebus_personatus is identical to Callicebus_nigrifrons but kept for subsequent analysis
NOTE: Callithrix_kuhlii is identical to Callithrix_jacchus but kept for subsequent analysis
NOTE: Leontocebus_fuscus is identical to Leontocebus_weddelli but kept for subsequent analysis
NOTE: Leontopithecus_rosalia is identical to Leontopithecus_chrysomelas but kept for subsequent analysis
NOTE: Plecturocebus_cupreus is identical to Plecturocebus_bernhardi but kept for subsequent analysis
NOTE: Saguinus_midas is identical to Saguinus_bicolor but kept for subsequent analysis
NOTE: Saguinus_niger is identical to Oedipomidas_leucopus but kept for subsequent analysis
NOTE: Saimiri_ustus is identical to Saimiri_oerstedii but kept for subsequent analysis
NOTE: Macaca_mulatta is identical to Cercocebus_chrysogaster but kept for subsequent analysis
NOTE: 6 identical sequences (see below) will be ignored for subsequent analysis
NOTE: Aotus_nancymaae (identical to Aotus_azarae) is ignored but added at the end
NOTE: Callithrix_penicillata (identical to Callithrix_jacchus) is ignored but added at the end
NOTE: Cebuella_pygmaea (identical to Callithrix_jacchus) is ignored but added at the end
NOTE: Plecturocebus_moloch (identical to Plecturocebus_bernhardi) is ignored but added at the end
NOTE: Saguinus_ursulus (identical to Oedipomidas_leucopus) is ignored but added at the end
NOTE: Mandrillus_leucophaeus (identical to Cercocebus_chrysogaster) is ignored but added at the end
Alignment was printed to MAPKAP1.phy.uniqueseq.phy

For your convenience alignment with unique sequences printed to MAPKAP1.phy.uniqueseq.phy


Create initial parsimony tree by phylogenetic likelihood library (PLL)... 0.004 seconds
Perform fast likelihood tree search using GTR+I+G model...
Estimate model parameters (epsilon = 5.000)
Perform nearest neighbor interchange...
Estimate model parameters (epsilon = 1.000)
1. Initial log-likelihood: -2405.473
Optimal log-likelihood: -2405.464
Rate parameters:  A-C: 0.60321  A-G: 2.72497  A-T: 0.34665  C-G: 1.29883  C-T: 3.10420  G-T: 1.00000
Base frequencies:  A: 0.342  C: 0.217  G: 0.154  T: 0.287
Proportion of invariable sites: 0.374
Gamma shape alpha: 1.388
Parameters optimization took 1 rounds (0.037 sec)
Time for fast ML tree search: 0.204 seconds

NOTE: ModelFinder requires 7 MB RAM!
ModelFinder will test up to 286 DNA models (sample size: 645) ...
 No. Model         -LnL         df  AIC          AICc         BIC
  1  GTR+F         2431.427     199 5260.854     5439.731     6150.235
  2  GTR+F+I       2408.041     200 5216.082     5397.163     6109.932
  3  GTR+F+G4      2405.609     200 5211.219     5392.300     6105.069
  4  GTR+F+I+G4    2405.463     201 5212.926     5396.231     6111.246
  5  GTR+F+R2      2405.311     201 5212.623     5395.928     6110.942
  6  GTR+F+R3      2405.361     203 5216.722     5404.532     6123.980
 15  SYM+I         2427.278     197 5248.556     5423.080     6128.999
 16  SYM+G4        2424.949     197 5243.899     5418.422     6124.341
 17  SYM+I+G4      2424.925     198 5245.851     5422.541     6130.762
 18  SYM+R2        2424.629     198 5245.258     5421.948     6130.169
 28  TVM+F+I       2408.259     199 5214.518     5393.394     6103.898
 29  TVM+F+G4      2405.863     199 5209.726     5388.602     6099.106
 30  TVM+F+I+G4    2405.688     200 5211.376     5392.457     6105.226
 31  TVM+F+R2      2405.575     200 5211.150     5392.231     6105.000
 41  TVMe+I        2428.855     196 5249.709     5422.084     6125.682
 42  TVMe+G4       2426.586     196 5245.173     5417.548     6121.146
 43  TVMe+I+G4     2426.511     197 5247.023     5421.546     6127.465
 44  TVMe+R2       2426.249     197 5246.499     5421.022     6126.941
 54  TIM3+F+I      2414.575     198 5225.150     5401.840     6110.061
 55  TIM3+F+G4     2412.198     198 5220.395     5397.086     6105.307
 56  TIM3+F+I+G4   2412.128     199 5222.255     5401.132     6111.636
 57  TIM3+F+R2     2411.922     199 5221.844     5400.720     6111.224
 67  TIM3e+I       2428.495     195 5246.990     5417.235     6118.494
 68  TIM3e+G4      2426.148     195 5242.297     5412.542     6113.800
 69  TIM3e+I+G4    2426.125     196 5244.249     5416.624     6120.222
 70  TIM3e+R2      2425.830     196 5243.660     5416.035     6119.633
 80  TIM2+F+I      2409.579     198 5215.157     5391.848     6100.069
 81  TIM2+F+G4     2407.211     198 5210.421     5387.112     6095.333
 82  TIM2+F+I+G4   2407.058     199 5212.116     5390.992     6101.497
 83  TIM2+F+R2     2406.928     199 5211.855     5390.732     6101.236
 93  TIM2e+I       2427.880     195 5245.759     5416.004     6117.263
 94  TIM2e+G4      2425.556     195 5241.111     5411.356     6112.615
 95  TIM2e+I+G4    2425.525     196 5243.050     5415.425     6119.023
 96  TIM2e+R2      2425.233     196 5242.465     5414.840     6118.438
106  TIM+F+I       2415.328     198 5226.655     5403.346     6111.567
107  TIM+F+G4      2413.006     198 5222.011     5398.702     6106.923
108  TIM+F+I+G4    2412.927     199 5223.854     5402.731     6113.235
109  TIM+F+R2      2412.744     199 5223.488     5402.364     6112.869
119  TIMe+I        2428.752     195 5247.504     5417.749     6119.008
120  TIMe+G4       2426.414     195 5242.829     5413.074     6114.333
121  TIMe+I+G4     2426.383     196 5244.766     5417.141     6120.740
122  TIMe+R2       2426.093     196 5244.185     5416.560     6120.158
132  TPM3u+F+I     2414.847     197 5223.693     5398.217     6104.135
133  TPM3u+F+G4    2412.516     197 5219.031     5393.555     6099.474
134  TPM3u+F+I+G4  2412.414     198 5220.827     5397.518     6105.739
135  TPM3u+F+R2    2412.244     198 5220.488     5397.179     6105.400
145  TPM3+F+I      2414.847     197 5223.693     5398.217     6104.135
146  TPM3+F+G4     2412.516     197 5219.031     5393.555     6099.474
147  TPM3+F+I+G4   2412.414     198 5220.827     5397.518     6105.739
148  TPM3+F+R2     2412.244     198 5220.488     5397.179     6105.400
158  TPM2u+F+I     2409.785     197 5213.571     5388.094     6094.013
159  TPM2u+F+G4    2407.449     197 5208.897     5383.421     6089.339
160  TPM2u+F+I+G4  2407.270     198 5210.540     5387.230     6095.451
161  TPM2u+F+R2    2407.174     198 5210.348     5387.038     6095.259
171  TPM2+F+I      2409.785     197 5213.571     5388.094     6094.013
172  TPM2+F+G4     2407.448     197 5208.897     5383.420     6089.339
173  TPM2+F+I+G4   2407.269     198 5210.538     5387.229     6095.450
174  TPM2+F+R2     2407.174     198 5210.348     5387.038     6095.259
184  K3Pu+F+I      2415.586     197 5225.172     5399.695     6105.614
185  K3Pu+F+G4     2413.305     197 5220.610     5395.134     6101.052
186  K3Pu+F+I+G4   2413.197     198 5222.395     5399.085     6107.306
187  K3Pu+F+R2     2413.046     198 5222.092     5398.782     6107.003
197  K3P+I         2430.263     194 5248.525     5416.659     6115.560
198  K3P+G4        2427.971     194 5243.941     5412.074     6110.976
199  K3P+I+G4      2427.888     195 5245.775     5416.020     6117.279
200  K3P+R2        2427.618     195 5245.237     5415.482     6116.740
210  TN+F+I        2415.931     197 5225.862     5400.385     6106.304
211  TN+F+G4       2413.618     197 5221.236     5395.760     6101.679
212  TN+F+I+G4     2413.541     198 5223.082     5399.773     6107.994
213  TN+F+R2       2413.355     198 5222.710     5399.400     6107.621
223  TNe+I         2428.950     194 5245.901     5414.034     6112.935
224  TNe+G4        2426.611     194 5241.222     5409.355     6108.256
225  TNe+I+G4      2426.580     195 5243.161     5413.406     6114.665
226  TNe+R2        2426.287     195 5242.573     5412.818     6114.077
236  HKY+F+I       2416.191     196 5224.383     5396.758     6100.356
237  HKY+F+G4      2413.919     196 5219.838     5392.213     6095.811
238  HKY+F+I+G4    2413.813     197 5221.625     5396.149     6102.067
239  HKY+F+R2      2413.659     197 5221.318     5395.842     6101.761
249  K2P+I         2430.463     193 5246.926     5412.966     6109.491
250  K2P+G4        2428.169     193 5242.338     5408.378     6104.903
251  K2P+I+G4      2428.086     194 5244.173     5412.306     6111.207
252  K2P+R2        2427.816     194 5243.631     5411.765     6110.666
262  F81+F+I       2473.475     195 5336.949     5507.194     6208.453
263  F81+F+G4      2471.214     195 5332.427     5502.672     6203.931
264  F81+F+I+G4    2471.134     196 5334.268     5506.643     6210.241
265  F81+F+R2      2470.931     196 5333.861     5506.236     6209.835
275  JC+I          2481.128     192 5346.257     5510.222     6204.353
276  JC+G4         2478.823     192 5341.646     5505.610     6199.742
277  JC+I+G4       2478.745     193 5343.490     5509.530     6206.056
278  JC+R2         2478.476     193 5342.952     5508.992     6205.517
Akaike Information Criterion:           TPM2+F+G4
Corrected Akaike Information Criterion: TPM2+F+G4
Bayesian Information Criterion:         TPM2+F+G4
Best-fit model: TPM2+F+G4 chosen according to BIC

All model information printed to MAPKAP1.phy.model.gz
CPU time for ModelFinder: 8.521 seconds (0h:0m:8s)
Wall-clock time for ModelFinder: 8.687 seconds (0h:0m:8s)
Generating 1000 samples for ultrafast bootstrap (seed: 763088)...

NOTE: 3 MB RAM (0 GB) is required!
Estimate model parameters (epsilon = 0.100)
1. Initial log-likelihood: -2407.448
Optimal log-likelihood: -2407.448
Rate parameters:  A-C: 0.40565  A-G: 2.61329  A-T: 0.40565  C-G: 1.00000  C-T: 2.61329  G-T: 1.00000
Base frequencies:  A: 0.342  C: 0.217  G: 0.154  T: 0.287
Gamma shape alpha: 0.442
Parameters optimization took 1 rounds (0.016 sec)
Computing ML distances based on estimated model parameters...
Computing ML distances took 0.179383 sec (of wall-clock time) 0.177285 sec(of CPU time)
Computing RapidNJ tree took 0.000672 sec (of wall-clock time) 0.000650 sec (of CPU time)
Log-likelihood of RapidNJ tree: -2415.516
--------------------------------------------------------------------
|             INITIALIZING CANDIDATE TREE SET                      |
--------------------------------------------------------------------
Generating 98 parsimony trees... 0.459 second
Computing log-likelihood of 98 initial trees ... 0.503 seconds
Current best score: -2407.448

Do NNI search on 20 best initial trees
Estimate model parameters (epsilon = 0.100)
BETTER TREE FOUND at iteration 1: -2407.448
BETTER TREE FOUND at iteration 2: -2407.447
BETTER TREE FOUND at iteration 3: -2407.447
BETTER TREE FOUND at iteration 4: -2407.447
Iteration 10 / LogL: -2407.447 / Time: 0h:0m:2s
Iteration 20 / LogL: -2407.602 / Time: 0h:0m:3s
Finish initializing candidate tree set (20)
Current best tree score: -2407.447 / CPU time: 3.351
Number of iterations: 20
--------------------------------------------------------------------
|               OPTIMIZING CANDIDATE TREE SET                      |
--------------------------------------------------------------------
Iteration 30 / LogL: -2417.972 / Time: 0h:0m:5s (0h:0m:13s left)
Iteration 40 / LogL: -2407.610 / Time: 0h:0m:7s (0h:0m:12s left)
Iteration 50 / LogL: -2407.464 / Time: 0h:0m:9s (0h:0m:10s left)
Log-likelihood cutoff on original alignment: -2446.714
Iteration 60 / LogL: -2407.460 / Time: 0h:0m:11s (0h:0m:8s left)
Iteration 70 / LogL: -2407.457 / Time: 0h:0m:14s (0h:0m:7s left)
Iteration 80 / LogL: -2407.452 / Time: 0h:0m:16s (0h:0m:5s left)
Iteration 90 / LogL: -2407.615 / Time: 0h:0m:18s (0h:0m:2s left)
Iteration 100 / LogL: -2407.461 / Time: 0h:0m:20s (0h:0m:0s left)
Log-likelihood cutoff on original alignment: -2446.714
NOTE: Bootstrap correlation coefficient of split occurrence frequencies: 0.979
NOTE: UFBoot does not converge, continue at least 100 more iterations
Iteration 110 / LogL: -2407.606 / Time: 0h:0m:23s (0h:0m:19s left)
Iteration 120 / LogL: -2407.456 / Time: 0h:0m:25s (0h:0m:17s left)
Iteration 130 / LogL: -2407.457 / Time: 0h:0m:27s (0h:0m:15s left)
Iteration 140 / LogL: -2420.650 / Time: 0h:0m:29s (0h:0m:12s left)
Iteration 150 / LogL: -2434.095 / Time: 0h:0m:32s (0h:0m:10s left)
Log-likelihood cutoff on original alignment: -2446.640
Iteration 160 / LogL: -2407.459 / Time: 0h:0m:34s (0h:0m:8s left)
Iteration 170 / LogL: -2412.468 / Time: 0h:0m:36s (0h:0m:6s left)
Iteration 180 / LogL: -2434.094 / Time: 0h:0m:38s (0h:0m:4s left)
Iteration 190 / LogL: -2407.456 / Time: 0h:0m:40s (0h:0m:2s left)
Iteration 200 / LogL: -2448.445 / Time: 0h:0m:43s (0h:0m:0s left)
Log-likelihood cutoff on original alignment: -2446.640
NOTE: Bootstrap correlation coefficient of split occurrence frequencies: 0.988
NOTE: UFBoot does not converge, continue at least 100 more iterations
Iteration 210 / LogL: -2437.653 / Time: 0h:0m:45s (0h:0m:19s left)
Iteration 220 / LogL: -2407.457 / Time: 0h:0m:47s (0h:0m:17s left)
Iteration 230 / LogL: -2407.457 / Time: 0h:0m:50s (0h:0m:15s left)
Iteration 240 / LogL: -2407.452 / Time: 0h:0m:52s (0h:0m:13s left)
Iteration 250 / LogL: -2407.456 / Time: 0h:0m:54s (0h:0m:10s left)
Log-likelihood cutoff on original alignment: -2446.640
Iteration 260 / LogL: -2407.454 / Time: 0h:0m:56s (0h:0m:8s left)
Iteration 270 / LogL: -2407.612 / Time: 0h:0m:59s (0h:0m:6s left)
Iteration 280 / LogL: -2412.465 / Time: 0h:1m:1s (0h:0m:4s left)
Iteration 290 / LogL: -2407.614 / Time: 0h:1m:3s (0h:0m:2s left)
Iteration 300 / LogL: -2407.460 / Time: 0h:1m:6s (0h:0m:0s left)
Log-likelihood cutoff on original alignment: -2446.640
NOTE: Bootstrap correlation coefficient of split occurrence frequencies: 0.993
TREE SEARCH COMPLETED AFTER 300 ITERATIONS / Time: 0h:1m:6s

--------------------------------------------------------------------
|                    FINALIZING TREE SEARCH                        |
--------------------------------------------------------------------
Performs final model parameters optimization
Estimate model parameters (epsilon = 0.010)
1. Initial log-likelihood: -2407.447
Optimal log-likelihood: -2407.447
Rate parameters:  A-C: 0.40580  A-G: 2.61256  A-T: 0.40580  C-G: 1.00000  C-T: 2.61256  G-T: 1.00000
Base frequencies:  A: 0.342  C: 0.217  G: 0.154  T: 0.287
Gamma shape alpha: 0.442
Parameters optimization took 1 rounds (0.022 sec)
BEST SCORE FOUND : -2407.447
Creating bootstrap support values...
Split supports printed to NEXUS file MAPKAP1.phy.splits.nex
Total tree length: 0.367

Total number of iterations: 300
CPU time used for tree search: 65.244 sec (0h:1m:5s)
Wall-clock time used for tree search: 66.198 sec (0h:1m:6s)
Total CPU time used: 65.825 sec (0h:1m:5s)
Total wall-clock time used: 66.784 sec (0h:1m:6s)

Computing bootstrap consensus tree...
Reading input file MAPKAP1.phy.splits.nex...
97 taxa and 1417 splits.
Consensus tree written to MAPKAP1.phy.contree
Reading input trees file MAPKAP1.phy.contree
Log-likelihood of consensus tree: -2407.529

Analysis results written to: 
  IQ-TREE report:                MAPKAP1.phy.iqtree
  Maximum-likelihood tree:       MAPKAP1.phy.treefile
  Likelihood distances:          MAPKAP1.phy.mldist

Ultrafast bootstrap approximation results written to:
  Split support values:          MAPKAP1.phy.splits.nex
  Consensus tree:                MAPKAP1.phy.contree
  Screen log file:               MAPKAP1.phy.log

Date and Time: Fri Mar 14 13:56:13 2025
